<?xml version="1.0" encoding="UTF-8"?>
<testng-results ignored="0" total="1" passed="1" failed="0" skipped="0">
  <reporter-output>
  </reporter-output>
  <suite started-at="2023-10-05T06:35:35 GET" name="Surefire suite" finished-at="2023-10-05T06:36:20 GET" duration-ms="44845">
    <groups>
    </groups>
    <test started-at="2023-10-05T06:35:35 GET" name="Surefire test" finished-at="2023-10-05T06:36:20 GET" duration-ms="44845">
      <class name="org.example.AppTest">
        <test-method is-config="true" signature="setUpWebDriver()[pri:0, instance:org.example.AppTest@1c8e8fed]" started-at="2023-10-05T06:35:35 GET" name="setUpWebDriver" finished-at="2023-10-05T06:35:36 GET" duration-ms="157" status="PASS">
          <reporter-output>
          </reporter-output>
        </test-method> <!-- setUpWebDriver -->
        <test-method signature="searchTest()[pri:0, instance:org.example.AppTest@1c8e8fed]" started-at="2023-10-05T06:35:36 GET" name="searchTest" finished-at="2023-10-05T06:36:20 GET" duration-ms="43974" status="PASS">
          <reporter-output>
          </reporter-output>
        </test-method> <!-- searchTest -->
        <test-method is-config="true" signature="quit()[pri:0, instance:org.example.AppTest@1c8e8fed]" started-at="2023-10-05T06:36:20 GET" name="quit" finished-at="2023-10-05T06:36:20 GET" duration-ms="506" status="PASS">
          <reporter-output>
          </reporter-output>
        </test-method> <!-- quit -->
      </class> <!-- org.example.AppTest -->
    </test> <!-- Surefire test -->
  </suite> <!-- Surefire suite -->
</testng-results>
